<?xml version="1.0" encoding="UTF-8"?>
<!-- Generated by org.testng.reporters.JUnitXMLReporter -->
<testsuite hostname="DESKTOP-9KETV9A" ignored="1" name="Regression1" tests="3" failures="0" timestamp="2020-11-29T17:49:15 IST" time="0.078" errors="0">
  <testcase name="test1" time="0.009" classname="com.qa.test.HomePageTest"/>
  <testcase name="test2" time="0.004" classname="com.qa.test.HomePageTest"/>
  <testcase name="test4" time="0.002" classname="com.qa.test.LoginPageTest"/>
  <testcase name="test3" time="0.0" classname="com.qa.test.HomePageTest">
    <ignored/>
  </testcase> <!-- test3 -->
</testsuite> <!-- Regression1 -->
