<?xml version="1.0" encoding="UTF-8"?>
<testng-results skipped="0" failed="0" ignored="1" total="4" passed="3">
  <reporter-output>
  </reporter-output>
  <suite name="Suite1" duration-ms="78" started-at="2020-11-29T17:49:15 IST" finished-at="2020-11-29T17:49:15 IST">
    <groups>
    </groups>
    <test name="Regression1" duration-ms="78" started-at="2020-11-29T17:49:15 IST" finished-at="2020-11-29T17:49:15 IST">
      <class name="com.qa.test.LoginPageTest">
        <test-method status="PASS" signature="loginPageBM()[pri:0, instance:com.qa.test.LoginPageTest@a7e666]" name="loginPageBM" is-config="true" duration-ms="1" started-at="2020-11-29T17:49:15 IST" finished-at="2020-11-29T17:49:15 IST">
          <reporter-output>
          </reporter-output>
        </test-method> <!-- loginPageBM -->
        <test-method status="PASS" signature="test4()[pri:0, instance:com.qa.test.LoginPageTest@a7e666]" name="test4" duration-ms="2" started-at="2020-11-29T17:49:15 IST" finished-at="2020-11-29T17:49:15 IST">
          <reporter-output>
          </reporter-output>
        </test-method> <!-- test4 -->
        <test-method status="PASS" signature="LoginPageAfterMethod()[pri:0, instance:com.qa.test.LoginPageTest@a7e666]" name="LoginPageAfterMethod" is-config="true" duration-ms="1" started-at="2020-11-29T17:49:15 IST" finished-at="2020-11-29T17:49:15 IST">
          <reporter-output>
          </reporter-output>
        </test-method> <!-- LoginPageAfterMethod -->
      </class> <!-- com.qa.test.LoginPageTest -->
      <class name="com.qa.test.HomePageTest">
        <test-method status="PASS" signature="setup()[pri:0, instance:com.qa.test.HomePageTest@72b6cbcc]" name="setup" is-config="true" duration-ms="5" started-at="2020-11-29T17:49:15 IST" finished-at="2020-11-29T17:49:15 IST">
          <reporter-output>
          </reporter-output>
        </test-method> <!-- setup -->
        <test-method status="PASS" signature="test1()[pri:1, instance:com.qa.test.HomePageTest@72b6cbcc]" name="test1" duration-ms="9" started-at="2020-11-29T17:49:15 IST" finished-at="2020-11-29T17:49:15 IST">
          <reporter-output>
          </reporter-output>
        </test-method> <!-- test1 -->
        <test-method status="PASS" signature="delete()[pri:0, instance:com.qa.test.HomePageTest@72b6cbcc]" name="delete" is-config="true" duration-ms="0" started-at="2020-11-29T17:49:15 IST" finished-at="2020-11-29T17:49:15 IST">
          <reporter-output>
          </reporter-output>
        </test-method> <!-- delete -->
        <test-method status="PASS" signature="setup()[pri:0, instance:com.qa.test.HomePageTest@72b6cbcc]" name="setup" is-config="true" duration-ms="1" started-at="2020-11-29T17:49:15 IST" finished-at="2020-11-29T17:49:15 IST">
          <reporter-output>
          </reporter-output>
        </test-method> <!-- setup -->
        <test-method status="PASS" signature="test2()[pri:2, instance:com.qa.test.HomePageTest@72b6cbcc]" name="test2" duration-ms="4" started-at="2020-11-29T17:49:15 IST" finished-at="2020-11-29T17:49:15 IST">
          <reporter-output>
          </reporter-output>
        </test-method> <!-- test2 -->
        <test-method status="PASS" signature="delete()[pri:0, instance:com.qa.test.HomePageTest@72b6cbcc]" name="delete" is-config="true" duration-ms="1" started-at="2020-11-29T17:49:15 IST" finished-at="2020-11-29T17:49:15 IST">
          <reporter-output>
          </reporter-output>
        </test-method> <!-- delete -->
      </class> <!-- com.qa.test.HomePageTest -->
    </test> <!-- Regression1 -->
  </suite> <!-- Suite1 -->
</testng-results>
